<?xml version="1.0" encoding="UTF-8"?>
<testsuite name="a4.PostfixTest" tests="7" skipped="0" failures="0" errors="0" timestamp="2025-03-12T23:18:25" hostname="Bebes-MacBook-Air.local" time="0.01">
  <properties/>
  <testcase name="testPostfixSingle" classname="a4.PostfixTest" time="0.001"/>
  <testcase name="testPostfixCombo" classname="a4.PostfixTest" time="0.001"/>
  <testcase name="testPostfixMinus" classname="a4.PostfixTest" time="0.003"/>
  <testcase name="testPostfixTimes" classname="a4.PostfixTest" time="0.001"/>
  <testcase name="testPostfixThrowsException" classname="a4.PostfixTest" time="0.001"/>
  <testcase name="testPostfixDiv" classname="a4.PostfixTest" time="0.001"/>
  <testcase name="testPostfixPlus" classname="a4.PostfixTest" time="0.002"/>
  <system-out><![CDATA[3.14159
7.0
28.0
1.0
4.0
4.0
1.0
0.25
28.0
3.0
1.0
1.0
3.0
10.0
3.0
3.0
10.0
7.0
4.0
4.0
4.0
28.0
7.0
1.0
1.0
7.0
1.0
1.0
7.0
0.0
0.0
7.0
0.0
0.0
7.0
9.0
2.0
2.0
9.0
11.0
4.0
4.0
11.0
15.0
6.0
6.0
15.0
2.0
2.0
9.0
15.0
10.0
2.0
2.0
10.0
8.0
15.0
3.5
2.0
2.0
3.5
1.75
2.0
2.0
2.0
2.0
4.0
1.75
1.75
2.0
2.0
1.75
2.0
2.0
3.5
21.0
3.0
3.0
21.0
70.0
5.0
5.0
70.0
2.0
2.0
14.0
70.0
100.0
10.0
10.0
100.0
10.0
70.0
6.0
1.0
1.0
6.0
0.0
7.0
7.0
0.0
2.0
3.0
2.0
2.0
3.0
5.0
2.0
2.0
2.0
2.0
1.0
1.0
2.0
3.0
2.0
5.0
2.0
1.0
1.0
1.0
1.0
1.0
1.0
1.0
1.0
1.0
2.0
1.0
3.0
1.0
4.0
1.0
5.0
1.0
6.0
1.0
2.0
2.0
2.0
2.0
2.0
1.0
1.0
2.0
3.0
4.0
]]></system-out>
  <system-err><![CDATA[]]></system-err>
</testsuite>
